<?xml version="1.0" encoding="utf-8"?><testsuites name="pytest tests"><testsuite name="pytest" errors="0" failures="0" skipped="0" tests="5" time="2.378" timestamp="2026-07-14T12:49:03.826667+00:00" hostname="agent-env-c2728ac7-e0c2-4377-91c3-1838a68a6425"><testcase classname="backend.tests.test_contact_api.TestHealth" name="test_health_check" time="0.280" /><testcase classname="backend.tests.test_contact_api.TestContactValidation" name="test_missing_fields" time="0.141" /><testcase classname="backend.tests.test_contact_api.TestContactValidation" name="test_invalid_email" time="0.139" /><testcase classname="backend.tests.test_contact_api.TestContactValidation" name="test_empty_message" time="0.366" /><testcase classname="backend.tests.test_contact_api.TestContactSubmission" name="test_submit_contact_success_and_persistence" time="1.327" /></testsuite></testsuites>